0 info it worked if it ends with ok
1 verbose cli [ '/usr/bin/node', '/usr/bin/npm', 'link' ]
2 info using npm@3.5.2
3 info using node@v8.10.0
4 verbose linkPkg /home/egor/Рабочий стол/My project/frontend-project-lvl1-master
5 silly gentlyRm /usr/local/lib/node_modules/frontend-project-lvl1-master is being purged
6 verbose gentlyRm don't care about contents; nuking /usr/local/lib/node_modules/frontend-project-lvl1-master
7 verbose stack Error: EACCES: permission denied, symlink '/home/egor/Рабочий стол/My project/frontend-project-lvl1-master' -> '/usr/local/lib/node_modules/frontend-project-lvl1-master'
8 verbose cwd /home/egor/Рабочий стол/My project/frontend-project-lvl1-master/src/bin
9 error Linux 5.0.0-32-generic
10 error argv "/usr/bin/node" "/usr/bin/npm" "link"
11 error node v8.10.0
12 error npm  v3.5.2
13 error path /home/egor/Рабочий стол/My project/frontend-project-lvl1-master
14 error code EACCES
15 error errno -13
16 error syscall symlink
17 error Error: EACCES: permission denied, symlink '/home/egor/Рабочий стол/My project/frontend-project-lvl1-master' -> '/usr/local/lib/node_modules/frontend-project-lvl1-master'
17 error  { Error: EACCES: permission denied, symlink '/home/egor/Рабочий стол/My project/frontend-project-lvl1-master' -> '/usr/local/lib/node_modules/frontend-project-lvl1-master'
17 error   errno: -13,
17 error   code: 'EACCES',
17 error   syscall: 'symlink',
17 error   path: '/home/egor/Рабочий стол/My project/frontend-project-lvl1-master',
17 error   dest: '/usr/local/lib/node_modules/frontend-project-lvl1-master' }
18 error Please try running this command again as root/Administrator.
19 verbose exit [ -13, true ]
